<?xml version="1.0" encoding="UTF-8"?>
<!-- Generated by org.testng.reporters.JUnitReportReporter -->
<testsuite skipped="0" hostname="GGN000190162001" name="tests.PilTest" tests="1" failures="0" timestamp="01 Aug 2020 06:19:23 GMT" time="27.351" errors="0">
  <testcase name="bookTicketForPilgrimage" time="27.351" classname="tests.PilTest"/>
</testsuite> <!-- tests.PilTest -->
