<?xml version="1.0" encoding="UTF-8"?>
<!-- Generated by org.testng.reporters.JUnitReportReporter -->
<testsuite skipped="0" hostname="GGN000190162001" name="tests.PilTest" tests="1" failures="0" timestamp="08 Aug 2020 05:38:22 GMT" time="30.748" errors="0">
  <testcase name="bookTicketForPilgrimage" time="30.748" classname="tests.PilTest"/>
</testsuite> <!-- tests.PilTest -->
