<?xml version="1.0" encoding="UTF-8"?>
<!-- Generated by org.testng.reporters.JUnitReportReporter -->
<testsuite skipped="0" hostname="GGN000190162001" name="tests.BusHireTest" tests="1" failures="0" timestamp="16 Aug 2020 06:03:29 GMT" time="3.411" errors="0">
  <testcase name="checkTitle" time="3.411" classname="tests.BusHireTest"/>
</testsuite> <!-- tests.BusHireTest -->
